<?xml version="1.0" encoding="utf-8"?><testsuites name="pytest tests"><testsuite name="pytest" errors="0" failures="0" skipped="0" tests="10" time="6.843" timestamp="2026-01-30T14:29:53.210187+00:00" hostname="agent-env-805f1d50-6962-41a9-8731-f2396d9aed86"><testcase classname="backend.tests.test_country_scoped_dashboard.TestAuthentication" name="test_group_manager_login" time="0.298" /><testcase classname="backend.tests.test_country_scoped_dashboard.TestAuthentication" name="test_driver_login" time="0.266" /><testcase classname="backend.tests.test_country_scoped_dashboard.TestStaffDashboard" name="test_staff_dashboard_group_manager_sees_all" time="1.094" /><testcase classname="backend.tests.test_country_scoped_dashboard.TestStaffDashboard" name="test_staff_dashboard_returns_pending_users" time="1.032" /><testcase classname="backend.tests.test_country_scoped_dashboard.TestStaffDashboard" name="test_staff_dashboard_returns_pending_requests" time="1.060" /><testcase classname="backend.tests.test_country_scoped_dashboard.TestMaintenanceRequestSubmittedBy" name="test_create_request_on_behalf_of_driver_populates_submitted_by" time="1.291" /><testcase classname="backend.tests.test_country_scoped_dashboard.TestMaintenanceRequestSubmittedBy" name="test_get_maintenance_requests_includes_submitted_by" time="0.319" /><testcase classname="backend.tests.test_country_scoped_dashboard.TestUserApprovalWorkflow" name="test_approve_user_endpoint_exists" time="1.079" /><testcase classname="backend.tests.test_country_scoped_dashboard.TestComplianceDashboard" name="test_compliance_endpoint" time="0.310" /><testcase classname="backend.tests.test_country_scoped_dashboard.TestDashboardAlerts" name="test_alerts_endpoint" time="0.041" /></testsuite></testsuites>