<?xml version="1.0" encoding="utf-8"?><testsuites name="pytest tests"><testsuite name="pytest" errors="0" failures="0" skipped="0" tests="10" time="2.114" timestamp="2026-04-12T15:45:10.363061+00:00" hostname="agent-env-f990f6a0-51a0-4239-9ede-f48f99891552"><testcase classname="backend.tests.test_code_review_fixes.TestBackendAPIs" name="test_vehicles_endpoint" time="0.142" /><testcase classname="backend.tests.test_code_review_fixes.TestBackendAPIs" name="test_drivers_endpoint" time="0.108" /><testcase classname="backend.tests.test_code_review_fixes.TestBackendAPIs" name="test_tco_fleet_endpoint" time="0.172" /><testcase classname="backend.tests.test_code_review_fixes.TestBackendAPIs" name="test_dashboard_alerts_endpoint" time="0.117" /><testcase classname="backend.tests.test_code_review_fixes.TestBackendAPIs" name="test_dashboard_compliance_endpoint" time="0.136" /><testcase classname="backend.tests.test_code_review_fixes.TestAuthentication" name="test_driver_login" time="0.350" /><testcase classname="backend.tests.test_code_review_fixes.TestAuthentication" name="test_group_manager_login_requires_otp" time="0.334" /><testcase classname="backend.tests.test_code_review_fixes.TestStaffDashboard" name="test_personal_dashboard" time="0.451" /><testcase classname="backend.tests.test_code_review_fixes.TestReportsEndpoints" name="test_expense_breakdown" time="0.114" /><testcase classname="backend.tests.test_code_review_fixes.TestReportsEndpoints" name="test_utilization" time="0.136" /></testsuite></testsuites>