<?xml version="1.0" encoding="utf-8"?><testsuites name="pytest tests"><testsuite name="pytest" errors="0" failures="4" skipped="0" tests="38" time="550.512" timestamp="2026-01-15T12:55:47.027396+00:00" hostname="agent-env-7f2b8535-8d87-4311-a4a0-43de91eb1151"><testcase classname="tests.test_fleet_management.TestAuthentication" name="test_register_group_fleet_manager" time="0.297" /><testcase classname="tests.test_fleet_management.TestAuthentication" name="test_login_with_credentials" time="0.262" /><testcase classname="tests.test_fleet_management.TestAuthentication" name="test_token_persistence_get_me" time="0.037" /><testcase classname="tests.test_fleet_management.TestAuthentication" name="test_login_invalid_credentials" time="0.076" /><testcase classname="tests.test_fleet_management.TestDashboard" name="test_dashboard_stats_loading" time="60.827" /><testcase classname="tests.test_fleet_management.TestDashboard" name="test_dashboard_stats_with_country_filter" time="60.862" /><testcase classname="tests.test_fleet_management.TestDashboard" name="test_dashboard_alerts_panel" time="0.097" /><testcase classname="tests.test_fleet_management.TestDashboard" name="test_dashboard_compliance_status" time="0.039" /><testcase classname="tests.test_fleet_management.TestMaintenanceRequests" name="test_submit_maintenance_request" time="60.958" /><testcase classname="tests.test_fleet_management.TestMaintenanceRequests" name="test_get_maintenance_requests" time="60.991" /><testcase classname="tests.test_fleet_management.TestMaintenanceRequests" name="test_get_pending_maintenance_requests" time="61.347" /><testcase classname="tests.test_fleet_management.TestMaintenanceRequests" name="test_approve_maintenance_request" time="121.617" /><testcase classname="tests.test_fleet_management.TestMaintenanceRequests" name="test_reject_maintenance_request" time="121.824" /><testcase classname="tests.test_fleet_management.TestPreTripChecklist" name="test_complete_checklist" time="0.087" /><testcase classname="tests.test_fleet_management.TestPreTripChecklist" name="test_get_checklists" time="0.039" /><testcase classname="tests.test_fleet_management.TestPreTripChecklist" name="test_check_today_checklist" time="0.033" /><testcase classname="tests.test_fleet_management.TestTireManagement" name="test_add_tire" time="0.047" /><testcase classname="tests.test_fleet_management.TestTireManagement" name="test_get_all_tires" time="0.034" /><testcase classname="tests.test_fleet_management.TestTireManagement" name="test_get_tires_by_country" time="0.043" /><testcase classname="tests.test_fleet_management.TestTireManagement" name="test_get_tire_by_id" time="0.036" /><testcase classname="tests.test_fleet_management.TestTireManagement" name="test_update_tire" time="0.078" /><testcase classname="tests.test_fleet_management.TestDriverLogbook" name="test_add_logbook_entry" time="0.040" /><testcase classname="tests.test_fleet_management.TestDriverLogbook" name="test_get_logbook_entries" time="0.034" /><testcase classname="tests.test_fleet_management.TestDriverLogbook" name="test_get_logbook_by_driver" time="0.033" /><testcase classname="tests.test_fleet_management.TestDriverLogbook" name="test_get_driver_logbook_summary" time="0.032" /><testcase classname="tests.test_fleet_management.TestVendorManagement" name="test_add_vendor" time="0.050" /><testcase classname="tests.test_fleet_management.TestVendorManagement" name="test_get_all_vendors" time="0.034" /><testcase classname="tests.test_fleet_management.TestVendorManagement" name="test_get_vendors_by_category" time="0.037" /><testcase classname="tests.test_fleet_management.TestVendorManagement" name="test_toggle_preferred_vendor" time="0.109" /><testcase classname="tests.test_fleet_management.TestTCOReports" name="test_get_vehicle_tco" time="0.035"><failure message="AssertionError: assert 'total_cost' in {'costs': {'fuel': 0, 'maintenance': 0, 'tires': 0, 'total': 0}, 'currency': 'USD', 'metrics': {'cost_per_day_usd': 0.0, 'cost_per_km_usd': 0.0}, 'period_days': 365, ...}">tests/test_fleet_management.py:632: in test_get_vehicle_tco
    assert "total_cost" in data
E   AssertionError: assert 'total_cost' in {'costs': {'fuel': 0, 'maintenance': 0, 'tires': 0, 'total': 0}, 'currency': 'USD', 'metrics': {'cost_per_day_usd': 0.0, 'cost_per_km_usd': 0.0}, 'period_days': 365, ...}</failure></testcase><testcase classname="tests.test_fleet_management.TestTCOReports" name="test_get_fleet_tco" time="0.061"><failure message="AssertionError: assert 'total_fleet_cost' in {'cost_per_km_usd': 0.0, 'costs': {'fuel': 0, 'maintenance': 0, 'tires': 0, 'total': 0}, 'country': None, 'currency': 'USD', ...}">tests/test_fleet_management.py:646: in test_get_fleet_tco
    assert "total_fleet_cost" in data
E   AssertionError: assert 'total_fleet_cost' in {'cost_per_km_usd': 0.0, 'costs': {'fuel': 0, 'maintenance': 0, 'tires': 0, 'total': 0}, 'country': None, 'currency': 'USD', ...}</failure></testcase><testcase classname="tests.test_fleet_management.TestTCOReports" name="test_get_expense_breakdown" time="0.036"><failure message="AssertionError: assert 'by_category' in {'breakdown': {'FUEL': {'count': 0, 'total_usd': 0}, 'MAINTENANCE': {'count': 0, 'total_usd': 0}}, 'country': None, 'period_days': 30, 'total_usd': 0}">tests/test_fleet_management.py:658: in test_get_expense_breakdown
    assert "by_category" in data
E   AssertionError: assert 'by_category' in {'breakdown': {'FUEL': {'count': 0, 'total_usd': 0}, 'MAINTENANCE': {'count': 0, 'total_usd': 0}}, 'country': None, 'period_days': 30, 'total_usd': 0}</failure></testcase><testcase classname="tests.test_fleet_management.TestTCOReports" name="test_get_utilization_report" time="0.038"><failure message="AssertionError: assert 'fleet_average_utilization' in {'country': None, 'fleet_avg_utilization': 0.0, 'period_days': 30, 'vehicle_count': 11, ...}">tests/test_fleet_management.py:672: in test_get_utilization_report
    assert "fleet_average_utilization" in data
E   AssertionError: assert 'fleet_average_utilization' in {'country': None, 'fleet_avg_utilization': 0.0, 'period_days': 30, 'vehicle_count': 11, ...}</failure></testcase><testcase classname="tests.test_fleet_management.TestVehicleLocations" name="test_add_manual_location" time="0.046" /><testcase classname="tests.test_fleet_management.TestVehicleLocations" name="test_get_vehicle_locations" time="0.031" /><testcase classname="tests.test_fleet_management.TestVehicleLocations" name="test_get_vehicle_location_history" time="0.033" /><testcase classname="tests.test_fleet_management.TestFleetManagers" name="test_create_fleet_manager" time="0.034" /><testcase classname="tests.test_fleet_management.TestFleetManagers" name="test_get_fleet_managers" time="0.034" /></testsuite></testsuites>