<?xml version="1.0" encoding="utf-8"?><testsuites name="pytest tests"><testsuite name="pytest" errors="0" failures="1" skipped="0" tests="55" time="17.456" timestamp="2026-01-30T12:57:44.560121+00:00" hostname="agent-env-6d0b56e5-2a13-4aee-a363-d98d6e19fdd3"><testcase classname="backend.tests.test_role_system.TestCountriesEndpoint" name="test_get_all_countries_list" time="0.085" /><testcase classname="backend.tests.test_role_system.TestCountriesEndpoint" name="test_countries_have_codes" time="0.052" /><testcase classname="backend.tests.test_role_system.TestNewRoleRegistration" name="test_register_group_fleet_manager" time="0.267" /><testcase classname="backend.tests.test_role_system.TestNewRoleRegistration" name="test_register_fleet_manager" time="0.275" /><testcase classname="backend.tests.test_role_system.TestNewRoleRegistration" name="test_register_fleet_officer" time="0.292" /><testcase classname="backend.tests.test_role_system.TestNewRoleRegistration" name="test_register_driver" time="0.317" /><testcase classname="backend.tests.test_role_system.TestNewRoleRegistration" name="test_register_user" time="0.292" /><testcase classname="backend.tests.test_role_system.TestForgotPasswordFlow" name="test_forgot_password_request" time="0.615" /><testcase classname="backend.tests.test_role_system.TestForgotPasswordFlow" name="test_forgot_password_nonexistent_email" time="0.041" /><testcase classname="backend.tests.test_role_system.TestPersonalDashboard" name="test_personal_dashboard_requires_auth" time="0.035" /><testcase classname="backend.tests.test_role_system.TestPersonalDashboard" name="test_personal_dashboard_with_driver_token" time="0.301" /><testcase classname="backend.tests.test_role_system.TestPersonalDashboard" name="test_personal_dashboard_fields" time="0.300" /><testcase classname="backend.tests.test_role_system.TestRoleBasedApproval" name="test_get_pending_users" time="0.293" /><testcase classname="backend.tests.test_role_system.TestRoleBasedApproval" name="test_approve_user" time="0.554" /><testcase classname="backend.tests.test_role_system.TestLoginWithCredentials" name="test_login_group_manager" time="0.268" /><testcase classname="backend.tests.test_role_system.TestLoginWithCredentials" name="test_login_driver" time="0.262" /><testcase classname="backend.tests.test_role_system.TestDrivingMetricsEndpoint" name="test_logbook_summary_endpoint" time="0.332" /><testcase classname="tests.test_fleet_management.TestAuthentication" name="test_register_group_fleet_manager" time="0.261" /><testcase classname="tests.test_fleet_management.TestAuthentication" name="test_login_with_credentials" time="0.261" /><testcase classname="tests.test_fleet_management.TestAuthentication" name="test_token_persistence_get_me" time="0.056" /><testcase classname="tests.test_fleet_management.TestAuthentication" name="test_login_invalid_credentials" time="0.034" /><testcase classname="tests.test_fleet_management.TestDashboard" name="test_dashboard_stats_loading" time="0.825" /><testcase classname="tests.test_fleet_management.TestDashboard" name="test_dashboard_stats_with_country_filter" time="0.752" /><testcase classname="tests.test_fleet_management.TestDashboard" name="test_dashboard_alerts_panel" time="0.038" /><testcase classname="tests.test_fleet_management.TestDashboard" name="test_dashboard_compliance_status" time="0.047" /><testcase classname="tests.test_fleet_management.TestMaintenanceRequests" name="test_submit_maintenance_request" time="2.411" /><testcase classname="tests.test_fleet_management.TestMaintenanceRequests" name="test_get_maintenance_requests" time="1.280" /><testcase classname="tests.test_fleet_management.TestMaintenanceRequests" name="test_get_pending_maintenance_requests" time="1.373" /><testcase classname="tests.test_fleet_management.TestMaintenanceRequests" name="test_approve_maintenance_request" time="1.248" /><testcase classname="tests.test_fleet_management.TestMaintenanceRequests" name="test_reject_maintenance_request" time="2.387" /><testcase classname="tests.test_fleet_management.TestPreTripChecklist" name="test_complete_checklist" time="0.043" /><testcase classname="tests.test_fleet_management.TestPreTripChecklist" name="test_get_checklists" time="0.050" /><testcase classname="tests.test_fleet_management.TestPreTripChecklist" name="test_check_today_checklist" time="0.045" /><testcase classname="tests.test_fleet_management.TestTireManagement" name="test_add_tire" time="0.059" /><testcase classname="tests.test_fleet_management.TestTireManagement" name="test_get_all_tires" time="0.058" /><testcase classname="tests.test_fleet_management.TestTireManagement" name="test_get_tires_by_country" time="0.059" /><testcase classname="tests.test_fleet_management.TestTireManagement" name="test_get_tire_by_id" time="0.050" /><testcase classname="tests.test_fleet_management.TestTireManagement" name="test_update_tire" time="0.056" /><testcase classname="tests.test_fleet_management.TestDriverLogbook" name="test_add_logbook_entry" time="0.048" /><testcase classname="tests.test_fleet_management.TestDriverLogbook" name="test_get_logbook_entries" time="0.060" /><testcase classname="tests.test_fleet_management.TestDriverLogbook" name="test_get_logbook_by_driver" time="0.047" /><testcase classname="tests.test_fleet_management.TestDriverLogbook" name="test_get_driver_logbook_summary" time="0.060" /><testcase classname="tests.test_fleet_management.TestVendorManagement" name="test_add_vendor" time="0.060" /><testcase classname="tests.test_fleet_management.TestVendorManagement" name="test_get_all_vendors" time="0.052" /><testcase classname="tests.test_fleet_management.TestVendorManagement" name="test_get_vendors_by_category" time="0.063" /><testcase classname="tests.test_fleet_management.TestVendorManagement" name="test_toggle_preferred_vendor" time="0.141" /><testcase classname="tests.test_fleet_management.TestTCOReports" name="test_get_vehicle_tco" time="0.063"><failure message="AssertionError: assert 'cost_per_km_usd' in {'costs': {'fuel': 0, 'maintenance': 0, 'tires': 0, 'total': 0}, 'currency': 'USD', 'metrics': {'cost_per_day_usd': 0.0, 'cost_per_km_usd': 0.0}, 'period_days': 365, ...}">tests/test_fleet_management.py:634: in test_get_vehicle_tco
    assert "cost_per_km_usd" in data
E   AssertionError: assert 'cost_per_km_usd' in {'costs': {'fuel': 0, 'maintenance': 0, 'tires': 0, 'total': 0}, 'currency': 'USD', 'metrics': {'cost_per_day_usd': 0.0, 'cost_per_km_usd': 0.0}, 'period_days': 365, ...}</failure></testcase><testcase classname="tests.test_fleet_management.TestTCOReports" name="test_get_fleet_tco" time="0.246" /><testcase classname="tests.test_fleet_management.TestTCOReports" name="test_get_expense_breakdown" time="0.076" /><testcase classname="tests.test_fleet_management.TestTCOReports" name="test_get_utilization_report" time="0.066" /><testcase classname="tests.test_fleet_management.TestVehicleLocations" name="test_add_manual_location" time="0.054" /><testcase classname="tests.test_fleet_management.TestVehicleLocations" name="test_get_vehicle_locations" time="0.052" /><testcase classname="tests.test_fleet_management.TestVehicleLocations" name="test_get_vehicle_location_history" time="0.070" /><testcase classname="tests.test_fleet_management.TestFleetManagers" name="test_create_fleet_manager" time="0.057" /><testcase classname="tests.test_fleet_management.TestFleetManagers" name="test_get_fleet_managers" time="0.064" /></testsuite></testsuites>