<?xml version="1.0" encoding="utf-8"?><testsuites name="pytest tests"><testsuite name="pytest" errors="0" failures="0" skipped="0" tests="10" time="8.543" timestamp="2026-02-01T15:51:12.902931+00:00" hostname="agent-env-805f1d50-6962-41a9-8731-f2396d9aed86"><testcase classname="tests.test_bug_fixes_iteration5.TestLogbook422Fix" name="test_logbook_creation_with_string_country" time="0.419" /><testcase classname="tests.test_bug_fixes_iteration5.TestLogbook422Fix" name="test_logbook_creation_without_country" time="0.380" /><testcase classname="tests.test_bug_fixes_iteration5.TestFleetOfficerRestriction" name="test_fleet_officer_cannot_create_fleet_manager" time="0.293" /><testcase classname="tests.test_bug_fixes_iteration5.TestFleetOfficerRestriction" name="test_fleet_manager_can_create_fleet_manager" time="0.298" /><testcase classname="tests.test_bug_fixes_iteration5.TestMaintenanceApprovalAutoFill" name="test_approval_auto_fills_approver_info" time="2.269" /><testcase classname="tests.test_bug_fixes_iteration5.TestStaffDashboardStats" name="test_staff_dashboard_returns_vehicle_driver_counts" time="1.099" /><testcase classname="tests.test_bug_fixes_iteration5.TestStaffDashboardStats" name="test_fleet_manager_sees_country_filtered_data" time="1.061" /><testcase classname="tests.test_bug_fixes_iteration5.TestSubmittedByTracking" name="test_logbook_tracks_submitted_by" time="0.361" /><testcase classname="tests.test_bug_fixes_iteration5.TestSubmittedByTracking" name="test_maintenance_request_tracks_submitted_by" time="1.963" /><testcase classname="tests.test_bug_fixes_iteration5.TestPreTripChecklistFix" name="test_today_checklist_returns_completed_false_when_not_done" time="0.336" /></testsuite></testsuites>