<?xml version="1.0" encoding="utf-8"?><testsuites name="pytest tests"><testsuite name="pytest" errors="0" failures="1" skipped="0" tests="10" time="7.328" timestamp="2026-02-01T15:49:46.650571+00:00" hostname="agent-env-805f1d50-6962-41a9-8731-f2396d9aed86"><testcase classname="tests.test_bug_fixes_iteration5.TestLogbook422Fix" name="test_logbook_creation_with_string_country" time="0.448" /><testcase classname="tests.test_bug_fixes_iteration5.TestLogbook422Fix" name="test_logbook_creation_without_country" time="0.438" /><testcase classname="tests.test_bug_fixes_iteration5.TestFleetOfficerRestriction" name="test_fleet_officer_cannot_create_fleet_manager" time="0.299" /><testcase classname="tests.test_bug_fixes_iteration5.TestFleetOfficerRestriction" name="test_fleet_manager_can_create_fleet_manager" time="0.296" /><testcase classname="tests.test_bug_fixes_iteration5.TestMaintenanceApprovalAutoFill" name="test_approval_auto_fills_approver_info" time="1.505"><failure message="AssertionError: Approval failed: {&quot;detail&quot;:[{&quot;type&quot;:&quot;missing&quot;,&quot;loc&quot;:[&quot;body&quot;,&quot;manager_id&quot;],&quot;msg&quot;:&quot;Field required&quot;,&quot;input&quot;:{&quot;approved&quot;:true},&quot;url&quot;:&quot;https://errors.pydantic.dev/2.12/v/missing&quot;}]}&#10;assert 422 == 200&#10; +  where 422 = &lt;Response [422]&gt;.status_code">tests/test_bug_fixes_iteration5.py:203: in test_approval_auto_fills_approver_info
    assert approve_resp.status_code == 200, f"Approval failed: {approve_resp.text}"
E   AssertionError: Approval failed: {"detail":[{"type":"missing","loc":["body","manager_id"],"msg":"Field required","input":{"approved":true},"url":"https://errors.pydantic.dev/2.12/v/missing"}]}
E   assert 422 == 200
E    +  where 422 = &lt;Response [422]&gt;.status_code</failure></testcase><testcase classname="tests.test_bug_fixes_iteration5.TestStaffDashboardStats" name="test_staff_dashboard_returns_vehicle_driver_counts" time="1.080" /><testcase classname="tests.test_bug_fixes_iteration5.TestStaffDashboardStats" name="test_fleet_manager_sees_country_filtered_data" time="1.006" /><testcase classname="tests.test_bug_fixes_iteration5.TestSubmittedByTracking" name="test_logbook_tracks_submitted_by" time="0.398" /><testcase classname="tests.test_bug_fixes_iteration5.TestSubmittedByTracking" name="test_maintenance_request_tracks_submitted_by" time="1.465" /><testcase classname="tests.test_bug_fixes_iteration5.TestPreTripChecklistFix" name="test_today_checklist_returns_completed_false_when_not_done" time="0.299" /></testsuite></testsuites>